[13:28:08] [main/INFO] (Launcher) ModLauncher running: args [--launchTarget, forgeclientuserdev, --version, 21.1.12, --assetIndex, 1.21.1-17, --assetsDir, C:\Users\helij\.gradle\caches\fabric-loom\assets, --gameDir, ., --fml.neoForgeVersion, 21.1.12, --fml.fmlVersion, 4.0.24, --fml.mcVersion, 1.21.1, --fml.neoFormVersion, 20240808.144430]
[13:28:08] [main/INFO] (Launcher) JVM identified as Eclipse Adoptium OpenJDK 64-Bit Server VM 21.0.4+7-LTS
[13:28:08] [main/INFO] (Launcher) ModLauncher 11.0.4+main.d2e20e43 starting: java version 21.0.4 by Eclipse Adoptium; OS Windows 11 arch amd64 version 10.0
[13:28:08] [main/INFO] (ImmediateWindowHandler) Loading ImmediateWindowProvider fmlearlywindow
[13:28:08] [main/INFO] (EARLYDISPLAY) Trying GL version 4.6
[13:28:08] [main/INFO] (EARLYDISPLAY) Requested GL version 4.6 got version 4.6
[13:28:08] [main/INFO] (mixin) SpongePowered MIXIN Subsystem Version=0.8.6 Source=union:/C:/Users/helij/.gradle/caches/modules-2/files-2.1/net.fabricmc/sponge-mixin/0.14.0+mixin.0.8.6/c265173c84346e9e5d42a2384b2b02bd39a4a899/sponge-mixin-0.14.0+mixin.0.8.6.jar%23119!/ Service=ModLauncher Env=CLIENT
[13:28:08] [main/INFO] (ModDiscoverer) Found mod file "neoforge-21.1.12-minecraft-merged-1.21.1-loom.mappings.1_21_1.layered+hash.40545-v2-neoforge-21.1.12.jar" [locator: neoforge devenv provider ([C:\Users\helij\.gradle\caches\fabric-loom\minecraftMaven\net\minecraft\neoforge-21.1.12-minecraft-merged\1.21.1-loom.mappings.1_21_1.layered+hash.40545-v2-neoforge-21.1.12\neoforge-21.1.12-minecraft-merged-1.21.1-loom.mappings.1_21_1.layered+hash.40545-v2-neoforge-21.1.12.jar])]
[13:28:08] [main/INFO] (ModDiscoverer) Found mod file "neoforge-21.1.12-minecraft-merged-1.21.1-loom.mappings.1_21_1.layered+hash.40545-v2-neoforge-21.1.12.jar" [locator: neoforge devenv provider ([C:\Users\helij\.gradle\caches\fabric-loom\minecraftMaven\net\minecraft\neoforge-21.1.12-minecraft-merged\1.21.1-loom.mappings.1_21_1.layered+hash.40545-v2-neoforge-21.1.12\neoforge-21.1.12-minecraft-merged-1.21.1-loom.mappings.1_21_1.layered+hash.40545-v2-neoforge-21.1.12.jar])]
[13:28:08] [pool-5-thread-1/INFO] (EARLYDISPLAY) GL info: Intel(R) UHD Graphics GL version 4.6.0 - Build 31.0.101.4502, Intel
[13:28:08] [main/INFO] (ModDiscoverer) Found mod file "main" [locator: userdev mods and services, reader: mod manifest]
[13:28:09] [main/INFO] (ModDiscoverer) Found mod file "neoforge-21.1.12-minecraft-merged-1.21.1-loom.mappings.1_21_1.layered+hash.40545-v2-neoforge-21.1.12.jar" [locator: userdev mods and services, reader: mod manifest]
[13:28:09] [main/INFO] (ModDiscoverer) Found mod file "6493159568731526397.jar" [locator: userdev mods and services, reader: mod manifest]
[13:28:09] [main/INFO] (ModDiscoverer) Found gamelibrary file "mixinextras-neoforge-0.3.5.jar" [locator: userdev mods and services, reader: mod manifest]
[13:28:09] [main/WARN] (JarSelector) Attempted to select a dependency jar for JarJar which was passed in as source: mixinextras-neoforge-0.3.5.jar. Using Mod File: C:\Users\helij\.gradle\caches\modules-2\files-2.1\io.github.llamalad7\mixinextras-neoforge\0.3.5\ef3ffcf309dae656517b2f120189b1c9b21737dd\mixinextras-neoforge-0.3.5.jar
[13:28:09] [main/INFO] (JarInJarDependencyLocator) No dependencies to load found. Skipping!
[13:28:09] [main/INFO] (FMLServiceProvider) Loading coremod script-engine for [neoforge]
[13:28:09] [main/INFO] (mixin) Compatibility level set to JAVA_21
[13:28:09] [main/INFO] (LaunchServiceHandler) Launching target 'forgeclientuserdev' with arguments [--version, 21.1.12, --gameDir, ., --assetsDir, C:\Users\helij\.gradle\caches\fabric-loom\assets, --assetIndex, 1.21.1-17]
[13:28:10] [main/INFO] (unprotect) Found 8254 Minecraft classes
[208月2024 13:28:11.459] [Datafixer Bootstrap/INFO] [com.mojang.datafixers.DataFixerBuilder/]: 229 Datafixer optimizations took 396 milliseconds
[208月2024 13:28:11.618] [pool-11-thread-1/INFO] [MixinExtras|Service/]: Initializing MixinExtras via com.llamalad7.mixinextras.service.MixinExtrasServiceImpl(version=0.3.5).
[208月2024 13:28:16.949] [main/WARN] [net.minecraft.commands.Commands/]: Ambiguity between arguments [teleport, location] and [teleport, destination] with inputs: [0.1 -0.5 .9, 0 0 0]
[208月2024 13:28:17.005] [main/WARN] [net.minecraft.commands.Commands/]: Ambiguity between arguments [teleport, location] and [teleport, targets] with inputs: [0.1 -0.5 .9, 0 0 0]
[208月2024 13:28:17.013] [main/WARN] [net.minecraft.commands.Commands/]: Ambiguity between arguments [teleport, destination] and [teleport, targets] with inputs: [Player, 0123, @e, dd12be42-52a9-4a91-a8a1-11c01849e498]
[208月2024 13:28:17.013] [main/WARN] [net.minecraft.commands.Commands/]: Ambiguity between arguments [teleport, targets] and [teleport, destination] with inputs: [Player, 0123, dd12be42-52a9-4a91-a8a1-11c01849e498]
[208月2024 13:28:17.021] [main/WARN] [net.minecraft.commands.Commands/]: Ambiguity between arguments [teleport, targets, location] and [teleport, targets, destination] with inputs: [0.1 -0.5 .9, 0 0 0]
[208月2024 13:28:17.294] [Render thread/WARN] [net.minecraft.server.packs.VanillaPackResourcesBuilder/]: Assets URL 'union:/C:/Users/helij/.gradle/caches/fabric-loom/minecraftMaven/net/minecraft/neoforge-21.1.12-minecraft-merged/1.21.1-loom.mappings.1_21_1.layered+hash.40545-v2-neoforge-21.1.12/neoforge-21.1.12-minecraft-merged-1.21.1-loom.mappings.1_21_1.layered+hash.40545-v2-neoforge-21.1.12.jar%23191!/assets/.mcassetsroot' uses unexpected schema
[208月2024 13:28:17.294] [Render thread/WARN] [net.minecraft.server.packs.VanillaPackResourcesBuilder/]: Assets URL 'union:/C:/Users/helij/.gradle/caches/fabric-loom/minecraftMaven/net/minecraft/neoforge-21.1.12-minecraft-merged/1.21.1-loom.mappings.1_21_1.layered+hash.40545-v2-neoforge-21.1.12/neoforge-21.1.12-minecraft-merged-1.21.1-loom.mappings.1_21_1.layered+hash.40545-v2-neoforge-21.1.12.jar%23191!/data/.mcassetsroot' uses unexpected schema
[208月2024 13:28:17.358] [Render thread/INFO] [com.mojang.authlib.yggdrasil.YggdrasilAuthenticationService/]: Environment: Environment[sessionHost=https://sessionserver.mojang.com, servicesHost=https://api.minecraftservices.com, name=PROD]
[208月2024 13:28:17.382] [Render thread/INFO] [net.minecraft.client.Minecraft/]: Setting user: Dev
[208月2024 13:28:17.566] [Render thread/INFO] [net.minecraft.client.Minecraft/]: Backend library: LWJGL version 3.3.3+5
[208月2024 13:28:18.872] [modloading-worker-0/INFO] [net.neoforged.neoforge.common.NeoForgeMod/NEOFORGE-MOD]: NeoForge mod loading, version 21.1.12, for MC 1.21.1
[208月2024 13:28:21.811] [Render thread/INFO] [net.neoforged.neoforge.gametest.GameTestHooks/]: Enabled Gametest Namespaces: []
[208月2024 13:28:22.493] [Render thread/INFO] [net.minecraft.server.packs.resources.ReloadableResourceManager/]: Reloading ResourceManager: vanilla, mod_resources, mod/light_level_description, mod/generated_ec3aa35, mod/neoforge
[208月2024 13:28:24.681] [Worker-Main-3/INFO] [net.minecraft.client.gui.font.providers.UnihexProvider/]: Found unifont_all_no_pua-15.1.05.hex, loading
[208月2024 13:28:24.723] [Worker-Main-8/INFO] [net.minecraft.client.gui.font.providers.UnihexProvider/]: Found unifont_jp_patch-15.1.05.hex, loading
[208月2024 13:28:31.688] [Render thread/WARN] [net.minecraft.client.sounds.SoundEngine/]: Missing sound for event: minecraft:item.goat_horn.play
[208月2024 13:28:31.688] [Render thread/WARN] [net.minecraft.client.sounds.SoundEngine/]: Missing sound for event: minecraft:entity.goat.screaming.horn_break
[208月2024 13:28:33.428] [Render thread/INFO] [com.mojang.blaze3d.audio.Library/]: OpenAL initialized on device OpenAL Soft on 扬声器 (Realtek(R) Audio)
[208月2024 13:28:33.430] [Render thread/INFO] [net.minecraft.client.sounds.SoundEngine/SOUNDS]: Sound engine started
[208月2024 13:28:33.523] [Render thread/INFO] [net.minecraft.client.renderer.texture.TextureAtlas/]: Created: 1024x512x4 minecraft:textures/atlas/blocks.png-atlas
[208月2024 13:28:34.125] [Render thread/INFO] [net.minecraft.client.renderer.texture.TextureAtlas/]: Created: 256x256x4 minecraft:textures/atlas/signs.png-atlas
[208月2024 13:28:34.224] [Render thread/INFO] [net.minecraft.client.renderer.texture.TextureAtlas/]: Created: 512x512x4 minecraft:textures/atlas/banner_patterns.png-atlas
[208月2024 13:28:34.351] [Render thread/INFO] [net.minecraft.client.renderer.texture.TextureAtlas/]: Created: 512x512x4 minecraft:textures/atlas/shield_patterns.png-atlas
[208月2024 13:28:34.454] [Render thread/INFO] [net.minecraft.client.renderer.texture.TextureAtlas/]: Created: 1024x1024x4 minecraft:textures/atlas/armor_trims.png-atlas
[208月2024 13:28:35.777] [Render thread/INFO] [net.minecraft.client.renderer.texture.TextureAtlas/]: Created: 256x256x4 minecraft:textures/atlas/chest.png-atlas
[208月2024 13:28:35.807] [Render thread/INFO] [net.minecraft.client.renderer.texture.TextureAtlas/]: Created: 128x64x4 minecraft:textures/atlas/decorated_pot.png-atlas
[208月2024 13:28:35.878] [Render thread/INFO] [net.minecraft.client.renderer.texture.TextureAtlas/]: Created: 512x256x4 minecraft:textures/atlas/beds.png-atlas
[208月2024 13:28:35.929] [Render thread/INFO] [net.minecraft.client.renderer.texture.TextureAtlas/]: Created: 512x256x4 minecraft:textures/atlas/shulker_boxes.png-atlas
[208月2024 13:28:36.135] [Render thread/INFO] [net.minecraft.client.renderer.texture.TextureAtlas/]: Created: 512x256x0 minecraft:textures/atlas/particles.png-atlas
[208月2024 13:28:36.399] [Render thread/INFO] [net.minecraft.client.renderer.texture.TextureAtlas/]: Created: 512x256x0 minecraft:textures/atlas/paintings.png-atlas
[208月2024 13:28:36.401] [Render thread/INFO] [net.minecraft.client.renderer.texture.TextureAtlas/]: Created: 256x128x0 minecraft:textures/atlas/mob_effects.png-atlas
[208月2024 13:28:36.403] [Render thread/INFO] [net.minecraft.client.renderer.texture.TextureAtlas/]: Created: 64x64x0 minecraft:textures/atlas/map_decorations.png-atlas
[208月2024 13:28:36.404] [Render thread/INFO] [net.minecraft.client.renderer.texture.TextureAtlas/]: Created: 1024x512x0 minecraft:textures/atlas/gui.png-atlas
[208月2024 13:28:36.456] [Render thread/WARN] [net.minecraft.client.renderer.ShaderInstance/]: Shader rendertype_entity_translucent_emissive could not find sampler named Sampler2 in the specified shader program.
[208月2024 13:28:43.215] [Render thread/INFO] [net.minecraft.world.item.crafting.RecipeManager/]: Loaded 1290 recipes
[208月2024 13:28:43.336] [Render thread/INFO] [net.minecraft.advancements.AdvancementTree/]: Loaded 1399 advancements
[208月2024 13:28:43.757] [Server thread/INFO] [net.minecraft.client.server.IntegratedServer/]: Starting integrated minecraft server version 1.21.1
[208月2024 13:28:43.758] [Server thread/INFO] [net.minecraft.server.MinecraftServer/]: Generating keypair
[208月2024 13:28:44.800] [Server thread/INFO] [net.minecraft.server.MinecraftServer/]: Preparing start region for dimension minecraft:overworld
[208月2024 13:28:45.171] [progressListener/INFO] [net.minecraft.server.level.progress.LoggerChunkProgressListener/]: 准备生成区域中：0%
[208月2024 13:28:45.278] [Server thread/INFO] [net.neoforged.neoforge.server.permission.PermissionAPI/]: Successfully initialized permission handler neoforge:default_handler
[208月2024 13:28:45.291] [progressListener/INFO] [net.minecraft.server.level.progress.LoggerChunkProgressListener/]: Time elapsed: 475 ms
[208月2024 13:28:45.371] [Server thread/INFO] [net.minecraft.client.server.IntegratedServer/]: Changing view distance to 12, from 10
[208月2024 13:28:45.371] [Server thread/INFO] [net.minecraft.client.server.IntegratedServer/]: Changing simulation distance to 12, from 0
[208月2024 13:28:46.153] [Server thread/INFO] [net.minecraft.server.players.PlayerList/]: Dev[local:E:5a2086be] logged in with entity id 50 at (68.20759191275525, 70.0, 105.20784744202216)
[208月2024 13:28:46.226] [Server thread/INFO] [net.minecraft.server.MinecraftServer/]: Dev加入了游戏
[208月2024 13:28:46.344] [Render thread/INFO] [net.minecraft.advancements.AdvancementTree/]: Loaded 3 advancements
[208月2024 13:29:10.731] [Server thread/INFO] [net.minecraft.client.server.IntegratedServer/]: Saving and pausing game...
[208月2024 13:29:10.792] [Server thread/INFO] [net.minecraft.server.MinecraftServer/]: Saving chunks for level 'ServerLevel[新的世界]'/minecraft:overworld
[208月2024 13:29:10.832] [Server thread/INFO] [net.minecraft.server.MinecraftServer/]: Saving chunks for level 'ServerLevel[新的世界]'/minecraft:the_end
[208月2024 13:29:10.837] [Server thread/INFO] [net.minecraft.server.MinecraftServer/]: Saving chunks for level 'ServerLevel[新的世界]'/minecraft:the_nether
[208月2024 13:29:22.681] [Server thread/INFO] [net.minecraft.client.server.IntegratedServer/]: Saving and pausing game...
[208月2024 13:29:22.707] [Server thread/INFO] [net.minecraft.server.MinecraftServer/]: Saving chunks for level 'ServerLevel[新的世界]'/minecraft:overworld
[208月2024 13:29:22.728] [Server thread/INFO] [net.minecraft.server.MinecraftServer/]: Saving chunks for level 'ServerLevel[新的世界]'/minecraft:the_end
[208月2024 13:29:22.733] [Server thread/INFO] [net.minecraft.server.MinecraftServer/]: Saving chunks for level 'ServerLevel[新的世界]'/minecraft:the_nether
[208月2024 13:30:12.549] [Render thread/INFO] [net.minecraft.advancements.AdvancementTree/]: Loaded 4 advancements
[208月2024 13:30:44.030] [Server thread/INFO] [net.minecraft.client.server.IntegratedServer/]: Saving and pausing game...
[208月2024 13:30:44.068] [Server thread/INFO] [net.minecraft.server.MinecraftServer/]: Saving chunks for level 'ServerLevel[新的世界]'/minecraft:overworld
[208月2024 13:30:44.102] [Server thread/INFO] [net.minecraft.server.MinecraftServer/]: Saving chunks for level 'ServerLevel[新的世界]'/minecraft:the_end
[208月2024 13:30:44.110] [Server thread/INFO] [net.minecraft.server.MinecraftServer/]: Saving chunks for level 'ServerLevel[新的世界]'/minecraft:the_nether
[208月2024 13:30:50.448] [Render thread/INFO] [net.minecraft.client.Minecraft/]: Stopping!
[208月2024 13:30:50.519] [Server thread/INFO] [net.minecraft.server.network.ServerGamePacketListenerImpl/]: Dev lost connection: 连接中断
[208月2024 13:30:50.519] [Server thread/INFO] [net.minecraft.server.MinecraftServer/]: Dev退出了游戏
[208月2024 13:30:50.528] [Server thread/INFO] [net.minecraft.server.network.ServerCommonPacketListenerImpl/]: Stopping singleplayer server as player logged out
[208月2024 13:30:50.555] [Server thread/INFO] [net.minecraft.server.MinecraftServer/]: Stopping server
[208月2024 13:30:50.555] [Server thread/INFO] [net.minecraft.server.MinecraftServer/]: Saving players
[208月2024 13:30:50.556] [Server thread/INFO] [net.minecraft.server.MinecraftServer/]: Saving worlds
[208月2024 13:30:50.880] [Server thread/INFO] [net.minecraft.server.MinecraftServer/]: Saving chunks for level 'ServerLevel[新的世界]'/minecraft:overworld
[208月2024 13:30:50.920] [Server thread/INFO] [net.minecraft.server.MinecraftServer/]: Saving chunks for level 'ServerLevel[新的世界]'/minecraft:the_end
[208月2024 13:30:50.922] [Server thread/INFO] [net.minecraft.server.MinecraftServer/]: Saving chunks for level 'ServerLevel[新的世界]'/minecraft:the_nether
[208月2024 13:30:50.930] [Server thread/INFO] [net.minecraft.server.MinecraftServer/]: ThreadedAnvilChunkStorage (新的世界): All chunks are saved
[208月2024 13:30:50.931] [Server thread/INFO] [net.minecraft.server.MinecraftServer/]: ThreadedAnvilChunkStorage (DIM1): All chunks are saved
[208月2024 13:30:50.931] [Server thread/INFO] [net.minecraft.server.MinecraftServer/]: ThreadedAnvilChunkStorage (DIM-1): All chunks are saved
[208月2024 13:30:50.931] [Server thread/INFO] [net.minecraft.server.MinecraftServer/]: ThreadedAnvilChunkStorage: All dimensions are saved
