[13:26:17] [main/WARN] (FabricLoader/Knot) Class path entries reference missing files: D:\mcmods\nslld\fabric\build\classes\java\main - the game may not load properly!
[13:26:17] [main/INFO] (FabricLoader/GameProvider) Loading Minecraft 1.21.1 with Fabric Loader 0.16.2
[13:26:17] [main/INFO] (FabricLoader) Loading 6 mods:
	- fabricloader 0.16.2
	- generated_056c605 1.0.0
	- java 21
	- light_level_description 0.1.0
	- minecraft 1.21.1
	- mixinextras 0.4.1
[13:26:17] [main/INFO] (FabricLoader/Mixin) SpongePowered MIXIN Subsystem Version=0.8.7 Source=file:/C:/Users/helij/.gradle/caches/modules-2/files-2.1/net.fabricmc/sponge-mixin/0.15.2+mixin.0.8.7/2af2f021d8e02a0220dc27a7a72b4666d66d44ca/sponge-mixin-0.15.2+mixin.0.8.7.jar Service=Knot/Fabric Env=CLIENT
[13:26:18] [main/INFO] (FabricLoader/Mixin) Loaded Fabric development mappings for mixin remapper!
[13:26:18] [main/INFO] (FabricLoader/Mixin) Compatibility level set to JAVA_21
[13:26:20] [Datafixer Bootstrap/INFO] (Minecraft) 226 Datafixer optimizations took 393 milliseconds
[13:26:20] [main/INFO] (FabricLoader/MixinExtras|Service) Initializing MixinExtras via com.llamalad7.mixinextras.service.MixinExtrasServiceImpl(version=0.4.1).
[13:26:25] [Render thread/INFO] (Minecraft) Environment: Environment[sessionHost=https://sessionserver.mojang.com, servicesHost=https://api.minecraftservices.com, name=PROD]
[13:26:25] [Render thread/INFO] (Minecraft) Setting user: Player426
[13:26:25] [Render thread/INFO] (Minecraft) Backend library: LWJGL version 3.3.3-snapshot
[13:26:26] [Render thread/INFO] (Minecraft) Reloading ResourceManager: vanilla
[13:26:27] [Worker-Main-8/INFO] (Minecraft) Found unifont_all_no_pua-15.1.05.hex, loading
[13:26:27] [Worker-Main-6/INFO] (Minecraft) Found unifont_jp_patch-15.1.05.hex, loading
[13:26:28] [Render thread/WARN] (Minecraft) Missing sound for event: minecraft:item.goat_horn.play
[13:26:28] [Render thread/WARN] (Minecraft) Missing sound for event: minecraft:entity.goat.screaming.horn_break
[13:26:28] [Render thread/INFO] (Minecraft) OpenAL initialized on device OpenAL Soft on 扬声器 (Realtek(R) Audio)
[13:26:28] [Render thread/INFO] (Minecraft) Sound engine started
[13:26:28] [Render thread/INFO] (Minecraft) Created: 1024x512x4 minecraft:textures/atlas/blocks.png-atlas
[13:26:29] [Render thread/INFO] (Minecraft) Created: 256x256x4 minecraft:textures/atlas/signs.png-atlas
[13:26:29] [Render thread/INFO] (Minecraft) Created: 512x512x4 minecraft:textures/atlas/banner_patterns.png-atlas
[13:26:29] [Render thread/INFO] (Minecraft) Created: 512x512x4 minecraft:textures/atlas/shield_patterns.png-atlas
[13:26:29] [Render thread/INFO] (Minecraft) Created: 1024x1024x4 minecraft:textures/atlas/armor_trims.png-atlas
[13:26:31] [Render thread/INFO] (Minecraft) Created: 256x256x4 minecraft:textures/atlas/chest.png-atlas
[13:26:31] [Render thread/INFO] (Minecraft) Created: 128x64x4 minecraft:textures/atlas/decorated_pot.png-atlas
[13:26:31] [Render thread/INFO] (Minecraft) Created: 512x256x4 minecraft:textures/atlas/beds.png-atlas
[13:26:31] [Render thread/INFO] (Minecraft) Created: 512x256x4 minecraft:textures/atlas/shulker_boxes.png-atlas
[13:26:31] [Render thread/INFO] (Minecraft) Created: 512x256x0 minecraft:textures/atlas/particles.png-atlas
[13:26:32] [Render thread/INFO] (Minecraft) Created: 512x256x0 minecraft:textures/atlas/paintings.png-atlas
[13:26:32] [Render thread/INFO] (Minecraft) Created: 256x128x0 minecraft:textures/atlas/mob_effects.png-atlas
[13:26:32] [Render thread/INFO] (Minecraft) Created: 64x64x0 minecraft:textures/atlas/map_decorations.png-atlas
[13:26:32] [Render thread/INFO] (Minecraft) Created: 1024x512x0 minecraft:textures/atlas/gui.png-atlas
[13:26:32] [Render thread/WARN] (Minecraft) Shader rendertype_entity_translucent_emissive could not find sampler named Sampler2 in the specified shader program.
[13:26:39] [Render thread/INFO] (Minecraft) Loaded 1290 recipes
[13:26:39] [Render thread/INFO] (Minecraft) Loaded 1399 advancements
[13:26:40] [Server thread/INFO] (Minecraft) Starting integrated minecraft server version 1.21.1
[13:26:40] [Server thread/INFO] (Minecraft) Generating keypair
[13:26:41] [Server thread/INFO] (Minecraft) Preparing start region for dimension minecraft:overworld
[13:26:42] [Render thread/INFO] (Minecraft) 准备生成区域中：0%
[13:26:42] [Render thread/INFO] (Minecraft) Time elapsed: 555 ms
[13:26:42] [Server thread/INFO] (Minecraft) Changing view distance to 12, from 10
[13:26:42] [Server thread/INFO] (Minecraft) Changing simulation distance to 12, from 0
[13:26:43] [Server thread/INFO] (Minecraft) Player426[local:E:d0cdcd1f] logged in with entity id 48 at (-254.7793672028847, 68.0, 250.52066284631638)
[13:26:43] [Server thread/INFO] (Minecraft) Player426加入了游戏
[13:26:43] [Render thread/INFO] (Minecraft) Loaded 2 advancements
[13:26:53] [Render thread/INFO] (Minecraft) Stopping!
[13:26:53] [Server thread/INFO] (Minecraft) Player426 lost connection: 连接中断
[13:26:53] [Server thread/INFO] (Minecraft) Player426退出了游戏
[13:26:53] [Server thread/INFO] (Minecraft) Stopping singleplayer server as player logged out
[13:26:53] [Server thread/INFO] (Minecraft) Stopping server
[13:26:53] [Server thread/INFO] (Minecraft) Saving players
[13:26:53] [Server thread/INFO] (Minecraft) Saving worlds
[13:26:53] [Server thread/INFO] (Minecraft) Saving chunks for level 'ServerLevel[新的世界]'/minecraft:overworld
[13:26:53] [Server thread/INFO] (Minecraft) Saving chunks for level 'ServerLevel[新的世界]'/minecraft:the_end
[13:26:53] [Server thread/INFO] (Minecraft) Saving chunks for level 'ServerLevel[新的世界]'/minecraft:the_nether
[13:26:53] [Server thread/INFO] (Minecraft) ThreadedAnvilChunkStorage (新的世界): All chunks are saved
[13:26:53] [Server thread/INFO] (Minecraft) ThreadedAnvilChunkStorage (DIM1): All chunks are saved
[13:26:53] [Server thread/INFO] (Minecraft) ThreadedAnvilChunkStorage (DIM-1): All chunks are saved
[13:26:53] [Server thread/INFO] (Minecraft) ThreadedAnvilChunkStorage: All dimensions are saved
